<?xml version="1.0" encoding="UTF-8"?>
<!-- Generated by org.testng.reporters.JUnitXMLReporter -->
<testsuite ignored="0" hostname="DESKTOP-NKOCCTH" failures="5" tests="5" name="Test" time="55.845" errors="0" timestamp="2022-04-20T14:04:16 IST">
  <testcase classname="TestCases.DashboardPageTest" name="purchaseSahreTest" time="5.385">
    <failure type="org.openqa.selenium.ElementClickInterceptedException" message="element click intercepted: Element &amp;lt;span class=&amp;quot;nice-name&amp;quot;&amp;gt;...&amp;lt;/span&amp;gt; is not clickable at point (26, 370). Other element would receive the click: &amp;lt;div class=&amp;quot;modal-wrapper&amp;quot;&amp;gt;...&amp;lt;/div&amp;gt;
  (Session info: chrome=100.0.4896.127)
Build info: version: &amp;apos;4.0.0&amp;apos;, revision: &amp;apos;3a21814679&amp;apos;
System info: host: &amp;apos;DESKTOP-NKOCCTH&amp;apos;, ip: &amp;apos;192.168.1.103&amp;apos;, os.name: &amp;apos;Windows 10&amp;apos;, os.arch: &amp;apos;amd64&amp;apos;, os.version: &amp;apos;10.0&amp;apos;, java.version: &amp;apos;17.0.2&amp;apos;
Driver info: org.openqa.selenium.chrome.ChromeDriver
Command: [20ec317bc441c10db9b93203d08c96c3, clickElement {id=8252903e-aa16-42fa-b162-dbe4559e36cc}]
Capabilities {acceptInsecureCerts: false, browserName: chrome, browserVersion: 100.0.4896.127, chrome: {chromedriverVersion: 99.0.4844.51 (d537ec02474b5..., userDataDir: C:\Users\CHAITA~1\AppData\L...}, goog:chromeOptions: {debuggerAddress: localhost:52740}, javascriptEnabled: true, networkConnectionEnabled: false, pageLoadStrategy: normal, platform: WINDOWS, platformName: WINDOWS, proxy: Proxy(), se:cdp: ws://localhost:52740/devtoo..., se:cdpVersion: 100.0.4896.127, setWindowRect: true, strictFileInteractability: false, timeouts: {implicit: 0, pageLoad: 300000, script: 30000}, unhandledPromptBehavior: dismiss and notify, webauthn:extension:credBlob: true, webauthn:extension:largeBlob: true, webauthn:virtualAuthenticators: true}
Element: [[ChromeDriver: chrome on WINDOWS (20ec317bc441c10db9b93203d08c96c3)] -&amp;gt; xpath: (//span[text()=&amp;apos;TCS&amp;apos;])[1]]
Session ID: 20ec317bc441c10db9b93203d08c96c3">
      <![CDATA[org.openqa.selenium.ElementClickInterceptedException: element click intercepted: Element <span class="nice-name">...</span> is not clickable at point (26, 370). Other element would receive the click: <div class="modal-wrapper">...</div>
  (Session info: chrome=100.0.4896.127)
Build info: version: '4.0.0', revision: '3a21814679'
System info: host: 'DESKTOP-NKOCCTH', ip: '192.168.1.103', os.name: 'Windows 10', os.arch: 'amd64', os.version: '10.0', java.version: '17.0.2'
Driver info: org.openqa.selenium.chrome.ChromeDriver
Command: [20ec317bc441c10db9b93203d08c96c3, clickElement {id=8252903e-aa16-42fa-b162-dbe4559e36cc}]
Capabilities {acceptInsecureCerts: false, browserName: chrome, browserVersion: 100.0.4896.127, chrome: {chromedriverVersion: 99.0.4844.51 (d537ec02474b5..., userDataDir: C:\Users\CHAITA~1\AppData\L...}, goog:chromeOptions: {debuggerAddress: localhost:52740}, javascriptEnabled: true, networkConnectionEnabled: false, pageLoadStrategy: normal, platform: WINDOWS, platformName: WINDOWS, proxy: Proxy(), se:cdp: ws://localhost:52740/devtoo..., se:cdpVersion: 100.0.4896.127, setWindowRect: true, strictFileInteractability: false, timeouts: {implicit: 0, pageLoad: 300000, script: 30000}, unhandledPromptBehavior: dismiss and notify, webauthn:extension:credBlob: true, webauthn:extension:largeBlob: true, webauthn:virtualAuthenticators: true}
Element: [[ChromeDriver: chrome on WINDOWS (20ec317bc441c10db9b93203d08c96c3)] -> xpath: (//span[text()='TCS'])[1]]
Session ID: 20ec317bc441c10db9b93203d08c96c3
at org.openqa.selenium.remote.codec.w3c.W3CHttpResponseCodec.createException(W3CHttpResponseCodec.java:200)
at org.openqa.selenium.remote.codec.w3c.W3CHttpResponseCodec.decode(W3CHttpResponseCodec.java:133)
at org.openqa.selenium.remote.codec.w3c.W3CHttpResponseCodec.decode(W3CHttpResponseCodec.java:53)
at org.openqa.selenium.remote.HttpCommandExecutor.execute(HttpCommandExecutor.java:184)
at org.openqa.selenium.remote.service.DriverCommandExecutor.invokeExecute(DriverCommandExecutor.java:164)
at org.openqa.selenium.remote.service.DriverCommandExecutor.execute(DriverCommandExecutor.java:139)
at org.openqa.selenium.remote.RemoteWebDriver.execute(RemoteWebDriver.java:559)
at org.openqa.selenium.remote.RemoteWebElement.execute(RemoteWebElement.java:251)
at org.openqa.selenium.remote.RemoteWebElement.click(RemoteWebElement.java:77)
at org.openqa.selenium.support.pagefactory.internal.LocatingElementHandler.invoke(LocatingElementHandler.java:52)
at jdk.proxy2/jdk.proxy2.$Proxy16.click(Unknown Source)
at Pages.DashboardPage.purchaseSahre(DashboardPage.java:59)
at TestCases.DashboardPageTest.purchaseSahreTest(DashboardPageTest.java:75)
at java.base/java.util.ArrayList.forEach(ArrayList.java:1511)
... Removed 37 stack frames]]>
    </failure>
  </testcase> <!-- purchaseSahreTest -->
  <testcase classname="TestCases.DashboardPageTest" name="verifyemailTest" time="0.087">
    <failure type="java.lang.AssertionError" message="expected [mahajanvishwas1@gmail.com] but found [rautgaurav1995.gr@gmail.com]">
      <![CDATA[java.lang.AssertionError: expected [mahajanvishwas1@gmail.com] but found [rautgaurav1995.gr@gmail.com]
at TestCases.DashboardPageTest.verifyemailTest(DashboardPageTest.java:69)
at java.base/java.util.ArrayList.forEach(ArrayList.java:1511)
... Removed 34 stack frames]]>
    </failure>
  </testcase> <!-- verifyemailTest -->
  <testcase classname="TestCases.DashboardPageTest" name="verifynicknameTest" time="1.176">
    <failure type="java.lang.AssertionError" message="expected [Vishwas] but found [Gaurav]">
      <![CDATA[java.lang.AssertionError: expected [Vishwas] but found [Gaurav]
at TestCases.DashboardPageTest.verifynicknameTest(DashboardPageTest.java:44)
at java.base/java.util.ArrayList.forEach(ArrayList.java:1511)
... Removed 34 stack frames]]>
    </failure>
  </testcase> <!-- verifynicknameTest -->
  <testcase classname="TestCases.DashboardPageTest" name="verifyuseridTest" time="0.156">
    <failure type="java.lang.AssertionError" message="expected [CW4819] but found [LFK888]">
      <![CDATA[java.lang.AssertionError: expected [CW4819] but found [LFK888]
at TestCases.DashboardPageTest.verifyuseridTest(DashboardPageTest.java:53)
at java.base/java.util.ArrayList.forEach(ArrayList.java:1511)
... Removed 34 stack frames]]>
    </failure>
  </testcase> <!-- verifyuseridTest -->
  <testcase classname="TestCases.DashboardPageTest" name="verifyusernameTest" time="0.052">
    <failure type="java.lang.AssertionError" message="expected [Vishwas Vitthalrao Mahajan] but found [Gaurav Prakash Raut]">
      <![CDATA[java.lang.AssertionError: expected [Vishwas Vitthalrao Mahajan] but found [Gaurav Prakash Raut]
at TestCases.DashboardPageTest.verifyusernameTest(DashboardPageTest.java:61)
at java.base/java.util.ArrayList.forEach(ArrayList.java:1511)
... Removed 34 stack frames]]>
    </failure>
  </testcase> <!-- verifyusernameTest -->
</testsuite> <!-- Test -->
